<?xml version="1.0" encoding="UTF-8"?>
<!-- Generated by org.testng.reporters.JUnitReportReporter -->
<testsuite hostname="LAPTOP-TLA1S9RB" failures="0" tests="1" name="tests.DynamicLoading" time="98.616" errors="0" timestamp="14 Oct 2021 07:43:04 GMT">
  <testcase classname="tests.DynamicLoading" name="DynamicLoadingTest" time="98.616"/>
</testsuite> <!-- tests.DynamicLoading -->
