<?xml version="1.0" encoding="UTF-8"?>
<!-- Generated by org.testng.reporters.JUnitReportReporter -->
<testsuite hostname="LAPTOP-TLA1S9RB" failures="0" tests="4" name="tests.FormAuth" time="38.286" errors="0" timestamp="14 Oct 2021 07:49:30 GMT">
  <testcase classname="tests.FormAuth" name="formAuthTest" time="9.473"/>
  <testcase classname="tests.FormAuth" name="formAuthTest3" time="11.105"/>
  <testcase classname="tests.FormAuth" name="formAuthTest2" time="8.375"/>
  <testcase classname="tests.FormAuth" name="formAuthTest1" time="9.333"/>
</testsuite> <!-- tests.FormAuth -->
