<?xml version="1.0" encoding="UTF-8"?>
<!-- Generated by org.testng.reporters.JUnitReportReporter -->
<testsuite hostname="LAPTOP-TLA1S9RB" failures="0" tests="8" name="tests.LogiTechInterView" time="101.681" errors="0" timestamp="15 Oct 2021 12:03:26 GMT">
  <testcase classname="tests.LogiTechInterView" name="multipleWindows" time="8.556"/>
  <testcase classname="tests.LogiTechInterView" name="formAuthentication" time="23.413"/>
  <testcase classname="tests.LogiTechInterView" name="apiTest_negative" time="10.938"/>
  <testcase classname="tests.LogiTechInterView" name="iFrameTest" time="12.584"/>
  <testcase classname="tests.LogiTechInterView" name="javaScriptAlerts" time="8.516"/>
  <testcase classname="tests.LogiTechInterView" name="dynamicLoading" time="14.577"/>
  <testcase classname="tests.LogiTechInterView" name="dragAndDropTest" time="13.119"/>
  <testcase classname="tests.LogiTechInterView" name="apiTest_positive" time="9.978"/>
</testsuite> <!-- tests.LogiTechInterView -->
